<?xml version="1.0" encoding="UTF-8"?>
<!-- Generated by org.testng.reporters.JUnitXMLReporter -->
<testsuite ignored="0" hostname="DESKTOP-QK2T4EG" failures="0" tests="3" name="Default test" time="92.869" errors="0" timestamp="2022-06-01T10:02:19 IST">
  <testcase classname="com.vyasa.testng.dataprovider.DataProviderExample" name="loginFlipkart" time="0.947"/>
  <testcase classname="com.vyasa.testng.dataprovider.DataProviderExample" name="loginFlipkart" time="0.872"/>
  <testcase classname="com.vyasa.testng.dataprovider.DataProviderExample" name="loginFlipkart" time="1.082"/>
</testsuite> <!-- Default test -->
