<?xml version="1.0" encoding="UTF-8"?>
<!-- Generated by org.testng.reporters.JUnitXMLReporter -->
<testsuite ignored="0" hostname="DESKTOP-QK2T4EG" failures="0" tests="12" name="HomePageSuite" time="22.416" errors="0" timestamp="2022-05-27T08:43:24 IST">
  <testcase classname="com.vyasa.testng.automation.TestNGAttributes" name="test6" time="0.019"/>
  <testcase classname="com.vyasa.testng.automation.TestNGAttributes" name="atest4" time="0.003"/>
  <testcase classname="com.vyasa.testng.automation.TestNGAttributes" name="test2" time="0.009"/>
  <testcase classname="com.vyasa.testng.automation.TestNGAttributes" name="test5" time="0.003"/>
  <testcase classname="com.vyasa.testng.automation.TestNGAutomation" name="browserSetup" time="19.136"/>
  <testcase classname="com.vyasa.testng.automation.TestNGAttributes" name="test1" time="0.003"/>
  <testcase classname="com.vyasa.testng.automation.TestNGAttributes" name="test3" time="0.002"/>
  <testcase classname="com.vyasa.testng.automation.TestNGAutomation" name="verifyNewArrivalsDisplayed" time="0.927"/>
  <testcase classname="com.vyasa.testng.automation.TestNGAutomation" name="verifySliderHasThreeBooks" time="0.969"/>
  <testcase classname="com.vyasa.testng.automation.TestNGAutomation" name="verifyNewArrivalHasThreeBooks" time="0.056"/>
  <testcase classname="com.vyasa.testng.automation.TestNGAutomation" name="verifyTitleOfNewArrivalBooks" time="0.148"/>
  <testcase classname="com.vyasa.testng.automation.TestNGAttributes" name="test7" time="0.004"/>
</testsuite> <!-- HomePageSuite -->
