<?xml version="1.0" encoding="UTF-8"?>
<!-- Generated by org.testng.reporters.JUnitXMLReporter -->
<testsuite ignored="10" hostname="DESKTOP-QK2T4EG" failures="0" tests="2" name="Test" time="0.02" errors="0" timestamp="2022-05-25T22:48:42 IST">
  <testcase classname="com.vyasa.testng.automation.TestNGAttributes" name="atest4" time="0.002"/>
  <testcase classname="com.vyasa.testng.automation.TestNGAttributes" name="test1" time="0.001"/>
  <testcase classname="com.vyasa.testng.automation.TestNGAutomation" name="verifyNewArrivalsDisplayed" time="0.0">
    <ignored/>
  </testcase> <!-- verifyNewArrivalsDisplayed -->
  <testcase classname="com.vyasa.testng.automation.TestNGAutomation" name="verifyTitleOfNewArrivalBooks" time="0.0">
    <ignored/>
  </testcase> <!-- verifyTitleOfNewArrivalBooks -->
  <testcase classname="com.vyasa.testng.automation.TestNGAutomation" name="verifySliderHasThreeBooks" time="0.0">
    <ignored/>
  </testcase> <!-- verifySliderHasThreeBooks -->
  <testcase classname="com.vyasa.testng.automation.TestNGAttributes" name="test7" time="0.0">
    <ignored/>
  </testcase> <!-- test7 -->
  <testcase classname="com.vyasa.testng.automation.TestNGAttributes" name="test6" time="0.0">
    <ignored/>
  </testcase> <!-- test6 -->
  <testcase classname="com.vyasa.testng.automation.TestNGAutomation" name="browserSetup" time="0.0">
    <ignored/>
  </testcase> <!-- browserSetup -->
  <testcase classname="com.vyasa.testng.automation.TestNGAttributes" name="test3" time="0.0">
    <ignored/>
  </testcase> <!-- test3 -->
  <testcase classname="com.vyasa.testng.automation.TestNGAttributes" name="test2" time="0.0">
    <ignored/>
  </testcase> <!-- test2 -->
  <testcase classname="com.vyasa.testng.automation.TestNGAttributes" name="test5" time="0.0">
    <ignored/>
  </testcase> <!-- test5 -->
  <testcase classname="com.vyasa.testng.automation.TestNGAutomation" name="verifyNewArrivalHasThreeBooks" time="0.0">
    <ignored/>
  </testcase> <!-- verifyNewArrivalHasThreeBooks -->
</testsuite> <!-- Test -->
