<?xml version="1.0" encoding="UTF-8"?>
<!-- Generated by org.testng.reporters.JUnitXMLReporter -->
<testsuite ignored="0" hostname="DESKTOP-QK2T4EG" failures="0" tests="12" name="Test" time="13.033" errors="0" timestamp="2022-05-25T22:48:31 IST">
  <testcase classname="com.vyasa.testng.automation.TestNGAttributes" name="test6" time="0.013"/>
  <testcase classname="com.vyasa.testng.automation.TestNGAttributes" name="atest4" time="0.005"/>
  <testcase classname="com.vyasa.testng.automation.TestNGAttributes" name="test2" time="0.002"/>
  <testcase classname="com.vyasa.testng.automation.TestNGAttributes" name="test5" time="0.003"/>
  <testcase classname="com.vyasa.testng.automation.TestNGAutomation" name="browserSetup" time="11.878"/>
  <testcase classname="com.vyasa.testng.automation.TestNGAttributes" name="test1" time="0.002"/>
  <testcase classname="com.vyasa.testng.automation.TestNGAttributes" name="test3" time="0.002"/>
  <testcase classname="com.vyasa.testng.automation.TestNGAutomation" name="verifyNewArrivalsDisplayed" time="0.296"/>
  <testcase classname="com.vyasa.testng.automation.TestNGAutomation" name="verifySliderHasThreeBooks" time="0.086"/>
  <testcase classname="com.vyasa.testng.automation.TestNGAutomation" name="verifyNewArrivalHasThreeBooks" time="0.032"/>
  <testcase classname="com.vyasa.testng.automation.TestNGAttributes" name="test7" time="0.002"/>
  <testcase classname="com.vyasa.testng.automation.TestNGAutomation" name="verifyTitleOfNewArrivalBooks" time="0.204"/>
</testsuite> <!-- Test -->
