<?xml version="1.0" encoding="UTF-8"?>
<!-- Generated by org.testng.reporters.JUnitXMLReporter -->
<testsuite ignored="7" hostname="DESKTOP-QK2T4EG" failures="2" tests="4" name="GroupsSuite" time="0.018" errors="0" timestamp="2022-05-27T09:23:28 IST">
  <testcase classname="com.vyasa.testng.automation.TestNGAttributes" name="atest4" time="0.001"/>
  <testcase classname="com.vyasa.testng.automation.TestNGAttributes" name="test1" time="0.001"/>
  <testcase classname="com.vyasa.testng.automation.TestNGAutomation" name="verifyNewArrivalsDisplayed" time="0.001">
    <failure type="java.lang.NullPointerException" message="Cannot invoke &amp;quot;org.openqa.selenium.WebDriver.findElement(org.openqa.selenium.By)&amp;quot; because &amp;quot;this.driver&amp;quot; is null">
      <![CDATA[java.lang.NullPointerException: Cannot invoke "org.openqa.selenium.WebDriver.findElement(org.openqa.selenium.By)" because "this.driver" is null
at com.vyasa.testng.automation.TestNGAutomation.verifyNewArrivalsDisplayed(TestNGAutomation.java:37)
at java.base/java.util.ArrayList.forEach(ArrayList.java:1511)
... Removed 28 stack frames]]>
    </failure>
  </testcase> <!-- verifyNewArrivalsDisplayed -->
  <testcase classname="com.vyasa.testng.automation.TestNGAutomation" name="verifySliderHasThreeBooks" time="0.002">
    <failure type="java.lang.NullPointerException" message="Cannot invoke &amp;quot;org.openqa.selenium.WebDriver.findElements(org.openqa.selenium.By)&amp;quot; because &amp;quot;this.driver&amp;quot; is null">
      <![CDATA[java.lang.NullPointerException: Cannot invoke "org.openqa.selenium.WebDriver.findElements(org.openqa.selenium.By)" because "this.driver" is null
at com.vyasa.testng.automation.TestNGAutomation.verifySliderHasThreeBooks(TestNGAutomation.java:45)
at java.base/java.util.ArrayList.forEach(ArrayList.java:1511)
... Removed 28 stack frames]]>
    </failure>
  </testcase> <!-- verifySliderHasThreeBooks -->
  <testcase classname="com.vyasa.testng.automation.TestNGAutomation" name="verifyTitleOfNewArrivalBooks" time="0.0">
    <ignored/>
  </testcase> <!-- verifyTitleOfNewArrivalBooks -->
  <testcase classname="com.vyasa.testng.automation.TestNGAttributes" name="test7" time="0.0">
    <ignored/>
  </testcase> <!-- test7 -->
  <testcase classname="com.vyasa.testng.automation.TestNGAttributes" name="test6" time="0.0">
    <ignored/>
  </testcase> <!-- test6 -->
  <testcase classname="com.vyasa.testng.automation.TestNGAttributes" name="test3" time="0.0">
    <ignored/>
  </testcase> <!-- test3 -->
  <testcase classname="com.vyasa.testng.automation.TestNGAttributes" name="test2" time="0.0">
    <ignored/>
  </testcase> <!-- test2 -->
  <testcase classname="com.vyasa.testng.automation.TestNGAttributes" name="test5" time="0.0">
    <ignored/>
  </testcase> <!-- test5 -->
  <testcase classname="com.vyasa.testng.automation.TestNGAutomation" name="verifyNewArrivalHasThreeBooks" time="0.0">
    <ignored/>
  </testcase> <!-- verifyNewArrivalHasThreeBooks -->
</testsuite> <!-- GroupsSuite -->
