<?xml version="1.0" encoding="UTF-8"?>
<!-- Generated by org.testng.reporters.JUnitXMLReporter -->
<testsuite ignored="0" hostname="DESKTOP-QK2T4EG" failures="0" tests="12" name="Test" time="11.445" errors="0" timestamp="2022-05-25T22:48:42 IST">
  <testcase classname="com.vyasa.testng.automation.TestNGAttributes" name="test6" time="0.001"/>
  <testcase classname="com.vyasa.testng.automation.TestNGAttributes" name="atest4" time="0.002"/>
  <testcase classname="com.vyasa.testng.automation.TestNGAttributes" name="test2" time="0.001"/>
  <testcase classname="com.vyasa.testng.automation.TestNGAttributes" name="test5" time="0.002"/>
  <testcase classname="com.vyasa.testng.automation.TestNGAutomation" name="browserSetup" time="10.757"/>
  <testcase classname="com.vyasa.testng.automation.TestNGAttributes" name="test1" time="0.001"/>
  <testcase classname="com.vyasa.testng.automation.TestNGAttributes" name="test3" time="0.006"/>
  <testcase classname="com.vyasa.testng.automation.TestNGAutomation" name="verifyNewArrivalsDisplayed" time="0.099"/>
  <testcase classname="com.vyasa.testng.automation.TestNGAutomation" name="verifySliderHasThreeBooks" time="0.039"/>
  <testcase classname="com.vyasa.testng.automation.TestNGAutomation" name="verifyNewArrivalHasThreeBooks" time="0.037"/>
  <testcase classname="com.vyasa.testng.automation.TestNGAttributes" name="test7" time="0.001"/>
  <testcase classname="com.vyasa.testng.automation.TestNGAutomation" name="verifyTitleOfNewArrivalBooks" time="0.088"/>
</testsuite> <!-- Test -->
